Closing org.springframework.boot.context.embedded.AnnotationConfigEmbeddedWebApplicationContext@8f4ea7c: startup date [Mon Aug 19 22:46:56 CST 2019]; root of context hierarchy
Unregistering JMX-exposed beans on shutdown
Closing JPA EntityManagerFactory for persistence unit 'default'
Starting WechatSellApplication on huangjie-PC with PID 6214 (/home/huangjie/JavaProject/WechatSellSystem/target/classes started by huangjie in /home/huangjie/JavaProject/WechatSellSystem)
No active profile set, falling back to default profiles: default
Refreshing org.springframework.boot.context.embedded.AnnotationConfigEmbeddedWebApplicationContext@8f4ea7c: startup date [Tue Aug 20 21:42:29 CST 2019]; root of context hierarchy
HV000001: Hibernate Validator 5.3.6.Final
Bean 'org.springframework.transaction.annotation.ProxyTransactionManagementConfiguration' of type [org.springframework.transaction.annotation.ProxyTransactionManagementConfiguration$$EnhancerBySpringCGLIB$$469934f3] is not eligible for getting processed by all BeanPostProcessors (for example: not eligible for auto-proxying)
Tomcat initialized with port(s): 8080 (http)
Initializing ProtocolHandler ["http-nio-8080"]
Starting service [Tomcat]
Starting Servlet Engine: Apache Tomcat/8.5.40
Initializing Spring embedded WebApplicationContext
Root WebApplicationContext: initialization completed in 9356 ms
Mapping servlet: 'dispatcherServlet' to [/]
Mapping filter: 'characterEncodingFilter' to: [/*]
Mapping filter: 'hiddenHttpMethodFilter' to: [/*]
Mapping filter: 'httpPutFormContentFilter' to: [/*]
Mapping filter: 'requestContextFilter' to: [/*]
Building JPA container EntityManagerFactory for persistence unit 'default'
HHH000204: Processing PersistenceUnitInfo [
	name: default
	...]
HHH000412: Hibernate Core {5.0.12.Final}
HHH000206: hibernate.properties not found
HHH000021: Bytecode provider name : javassist
HCANN000001: Hibernate Commons Annotations {5.0.1.Final}
HHH000400: Using dialect: org.hibernate.dialect.MySQL5Dialect
Initialized JPA EntityManagerFactory for persistence unit 'default'
Looking for @ControllerAdvice: org.springframework.boot.context.embedded.AnnotationConfigEmbeddedWebApplicationContext@8f4ea7c: startup date [Tue Aug 20 21:42:29 CST 2019]; root of context hierarchy
Mapped "{[/buyer/order/cancel],methods=[POST]}" onto public com.huangjie.sell.VO.ResultVO com.huangjie.sell.controller.BuyerOrderController.cancel(java.lang.String,java.lang.String)
Mapped "{[/buyer/order/detail],methods=[GET]}" onto public com.huangjie.sell.VO.ResultVO<com.huangjie.sell.dto.OrderDTO> com.huangjie.sell.controller.BuyerOrderController.detail(java.lang.String,java.lang.String)
Mapped "{[/buyer/order/create],methods=[POST]}" onto public com.huangjie.sell.VO.ResultVO<java.util.Map<java.lang.String, java.lang.String>> com.huangjie.sell.controller.BuyerOrderController.create(com.huangjie.sell.form.OrderForm,org.springframework.validation.BindingResult)
Mapped "{[/buyer/order/list],methods=[GET]}" onto public com.huangjie.sell.VO.ResultVO<java.util.List<com.huangjie.sell.dto.OrderDTO>> com.huangjie.sell.controller.BuyerOrderController.list(java.lang.String,int,int)
Mapped "{[/buyer/product/list],methods=[GET]}" onto public com.huangjie.sell.VO.ResultVO com.huangjie.sell.controller.BuyerProductController.list()
Mapped "{[/seller/order/finished],methods=[GET]}" onto public org.springframework.web.servlet.ModelAndView com.huangjie.sell.controller.SellOrderController.finished(java.lang.String,java.util.Map<java.lang.String, java.lang.Object>)
Mapped "{[/seller/order/cancel],methods=[GET]}" onto public org.springframework.web.servlet.ModelAndView com.huangjie.sell.controller.SellOrderController.cancel(java.lang.String,java.util.Map<java.lang.String, java.lang.Object>)
Mapped "{[/seller/order/detail],methods=[GET]}" onto public org.springframework.web.servlet.ModelAndView com.huangjie.sell.controller.SellOrderController.detail(java.lang.String,java.util.Map<java.lang.String, java.lang.Object>)
Mapped "{[/seller/order/list],methods=[GET]}" onto public org.springframework.web.servlet.ModelAndView com.huangjie.sell.controller.SellOrderController.list(int,int,java.util.Map<java.lang.String, java.lang.Object>)
Mapped "{[/seller/product/off_sale],methods=[GET]}" onto public org.springframework.web.servlet.ModelAndView com.huangjie.sell.controller.SellerProductContainer.offSale(java.lang.String,java.util.Map<java.lang.String, java.lang.Object>)
Mapped "{[/seller/product/list],methods=[GET]}" onto public org.springframework.web.servlet.ModelAndView com.huangjie.sell.controller.SellerProductContainer.list(int,int,java.util.Map<java.lang.String, java.lang.Object>)
Mapped "{[/error],produces=[text/html]}" onto public org.springframework.web.servlet.ModelAndView org.springframework.boot.autoconfigure.web.BasicErrorController.errorHtml(javax.servlet.http.HttpServletRequest,javax.servlet.http.HttpServletResponse)
Mapped "{[/error]}" onto public org.springframework.http.ResponseEntity<java.util.Map<java.lang.String, java.lang.Object>> org.springframework.boot.autoconfigure.web.BasicErrorController.error(javax.servlet.http.HttpServletRequest)
Mapped URL path [/webjars/**] onto handler of type [class org.springframework.web.servlet.resource.ResourceHttpRequestHandler]
Mapped URL path [/**] onto handler of type [class org.springframework.web.servlet.resource.ResourceHttpRequestHandler]
Mapped URL path [/**/favicon.ico] onto handler of type [class org.springframework.web.servlet.resource.ResourceHttpRequestHandler]
ClassTemplateLoader for Spring macros added to FreeMarker configuration
Registering beans for JMX exposure on startup
Starting ProtocolHandler ["http-nio-8080"]
Using a shared selector for servlet write/read
Tomcat started on port(s): 8080 (http)
Started WechatSellApplication in 21.399 seconds (JVM running for 24.711)
Initializing Spring FrameworkServlet 'dispatcherServlet'
FrameworkServlet 'dispatcherServlet': initialization started
FrameworkServlet 'dispatcherServlet': initialization completed in 16 ms
HHH000397: Using ASTQueryTranslatorFactory
Closing org.springframework.boot.context.embedded.AnnotationConfigEmbeddedWebApplicationContext@8f4ea7c: startup date [Tue Aug 20 21:42:29 CST 2019]; root of context hierarchy
Unregistering JMX-exposed beans on shutdown
Closing JPA EntityManagerFactory for persistence unit 'default'
Starting WechatSellApplication on huangjie-PC with PID 6666 (/home/huangjie/JavaProject/WechatSellSystem/target/classes started by huangjie in /home/huangjie/JavaProject/WechatSellSystem)
No active profile set, falling back to default profiles: default
Refreshing org.springframework.boot.context.embedded.AnnotationConfigEmbeddedWebApplicationContext@436813f3: startup date [Tue Aug 20 21:48:55 CST 2019]; root of context hierarchy
HV000001: Hibernate Validator 5.3.6.Final
Bean 'org.springframework.transaction.annotation.ProxyTransactionManagementConfiguration' of type [org.springframework.transaction.annotation.ProxyTransactionManagementConfiguration$$EnhancerBySpringCGLIB$$bb0d96ec] is not eligible for getting processed by all BeanPostProcessors (for example: not eligible for auto-proxying)
Tomcat initialized with port(s): 8080 (http)
Initializing ProtocolHandler ["http-nio-8080"]
Starting service [Tomcat]
Starting Servlet Engine: Apache Tomcat/8.5.40
Initializing Spring embedded WebApplicationContext
Root WebApplicationContext: initialization completed in 3856 ms
Mapping servlet: 'dispatcherServlet' to [/]
Mapping filter: 'characterEncodingFilter' to: [/*]
Mapping filter: 'hiddenHttpMethodFilter' to: [/*]
Mapping filter: 'httpPutFormContentFilter' to: [/*]
Mapping filter: 'requestContextFilter' to: [/*]
Building JPA container EntityManagerFactory for persistence unit 'default'
HHH000204: Processing PersistenceUnitInfo [
	name: default
	...]
HHH000412: Hibernate Core {5.0.12.Final}
HHH000206: hibernate.properties not found
HHH000021: Bytecode provider name : javassist
HCANN000001: Hibernate Commons Annotations {5.0.1.Final}
HHH000400: Using dialect: org.hibernate.dialect.MySQL5Dialect
Initialized JPA EntityManagerFactory for persistence unit 'default'
Looking for @ControllerAdvice: org.springframework.boot.context.embedded.AnnotationConfigEmbeddedWebApplicationContext@436813f3: startup date [Tue Aug 20 21:48:55 CST 2019]; root of context hierarchy
Mapped "{[/buyer/order/cancel],methods=[POST]}" onto public com.huangjie.sell.VO.ResultVO com.huangjie.sell.controller.BuyerOrderController.cancel(java.lang.String,java.lang.String)
Mapped "{[/buyer/order/detail],methods=[GET]}" onto public com.huangjie.sell.VO.ResultVO<com.huangjie.sell.dto.OrderDTO> com.huangjie.sell.controller.BuyerOrderController.detail(java.lang.String,java.lang.String)
Mapped "{[/buyer/order/create],methods=[POST]}" onto public com.huangjie.sell.VO.ResultVO<java.util.Map<java.lang.String, java.lang.String>> com.huangjie.sell.controller.BuyerOrderController.create(com.huangjie.sell.form.OrderForm,org.springframework.validation.BindingResult)
Mapped "{[/buyer/order/list],methods=[GET]}" onto public com.huangjie.sell.VO.ResultVO<java.util.List<com.huangjie.sell.dto.OrderDTO>> com.huangjie.sell.controller.BuyerOrderController.list(java.lang.String,int,int)
Mapped "{[/buyer/product/list],methods=[GET]}" onto public com.huangjie.sell.VO.ResultVO com.huangjie.sell.controller.BuyerProductController.list()
Mapped "{[/seller/order/finished],methods=[GET]}" onto public org.springframework.web.servlet.ModelAndView com.huangjie.sell.controller.SellOrderController.finished(java.lang.String,java.util.Map<java.lang.String, java.lang.Object>)
Mapped "{[/seller/order/cancel],methods=[GET]}" onto public org.springframework.web.servlet.ModelAndView com.huangjie.sell.controller.SellOrderController.cancel(java.lang.String,java.util.Map<java.lang.String, java.lang.Object>)
Mapped "{[/seller/order/detail],methods=[GET]}" onto public org.springframework.web.servlet.ModelAndView com.huangjie.sell.controller.SellOrderController.detail(java.lang.String,java.util.Map<java.lang.String, java.lang.Object>)
Mapped "{[/seller/order/list],methods=[GET]}" onto public org.springframework.web.servlet.ModelAndView com.huangjie.sell.controller.SellOrderController.list(int,int,java.util.Map<java.lang.String, java.lang.Object>)
Mapped "{[/seller/product/off_sale],methods=[GET]}" onto public org.springframework.web.servlet.ModelAndView com.huangjie.sell.controller.SellerProductContainer.offSale(java.lang.String,java.util.Map<java.lang.String, java.lang.Object>)
Mapped "{[/seller/product/on_sale],methods=[GET]}" onto public org.springframework.web.servlet.ModelAndView com.huangjie.sell.controller.SellerProductContainer.onSale(java.lang.String,java.util.Map<java.lang.String, java.lang.Object>)
Mapped "{[/seller/product/list],methods=[GET]}" onto public org.springframework.web.servlet.ModelAndView com.huangjie.sell.controller.SellerProductContainer.list(int,int,java.util.Map<java.lang.String, java.lang.Object>)
Mapped "{[/error],produces=[text/html]}" onto public org.springframework.web.servlet.ModelAndView org.springframework.boot.autoconfigure.web.BasicErrorController.errorHtml(javax.servlet.http.HttpServletRequest,javax.servlet.http.HttpServletResponse)
Mapped "{[/error]}" onto public org.springframework.http.ResponseEntity<java.util.Map<java.lang.String, java.lang.Object>> org.springframework.boot.autoconfigure.web.BasicErrorController.error(javax.servlet.http.HttpServletRequest)
Mapped URL path [/webjars/**] onto handler of type [class org.springframework.web.servlet.resource.ResourceHttpRequestHandler]
Mapped URL path [/**] onto handler of type [class org.springframework.web.servlet.resource.ResourceHttpRequestHandler]
Mapped URL path [/**/favicon.ico] onto handler of type [class org.springframework.web.servlet.resource.ResourceHttpRequestHandler]
ClassTemplateLoader for Spring macros added to FreeMarker configuration
Registering beans for JMX exposure on startup
Starting ProtocolHandler ["http-nio-8080"]
Using a shared selector for servlet write/read
Tomcat started on port(s): 8080 (http)
Started WechatSellApplication in 9.386 seconds (JVM running for 9.976)
Initializing Spring FrameworkServlet 'dispatcherServlet'
FrameworkServlet 'dispatcherServlet': initialization started
FrameworkServlet 'dispatcherServlet': initialization completed in 21 ms
HHH000397: Using ASTQueryTranslatorFactory
Closing org.springframework.boot.context.embedded.AnnotationConfigEmbeddedWebApplicationContext@436813f3: startup date [Tue Aug 20 21:48:55 CST 2019]; root of context hierarchy
Unregistering JMX-exposed beans on shutdown
Closing JPA EntityManagerFactory for persistence unit 'default'
Starting WechatSellApplication on huangjie-PC with PID 7293 (/home/huangjie/JavaProject/WechatSellSystem/target/classes started by huangjie in /home/huangjie/JavaProject/WechatSellSystem)
No active profile set, falling back to default profiles: default
Refreshing org.springframework.boot.context.embedded.AnnotationConfigEmbeddedWebApplicationContext@8f4ea7c: startup date [Tue Aug 20 21:52:55 CST 2019]; root of context hierarchy
HV000001: Hibernate Validator 5.3.6.Final
Bean 'org.springframework.transaction.annotation.ProxyTransactionManagementConfiguration' of type [org.springframework.transaction.annotation.ProxyTransactionManagementConfiguration$$EnhancerBySpringCGLIB$$df719d8a] is not eligible for getting processed by all BeanPostProcessors (for example: not eligible for auto-proxying)
Tomcat initialized with port(s): 8080 (http)
Initializing ProtocolHandler ["http-nio-8080"]
Starting service [Tomcat]
Starting Servlet Engine: Apache Tomcat/8.5.40
Initializing Spring embedded WebApplicationContext
Root WebApplicationContext: initialization completed in 3690 ms
Mapping servlet: 'dispatcherServlet' to [/]
Mapping filter: 'characterEncodingFilter' to: [/*]
Mapping filter: 'hiddenHttpMethodFilter' to: [/*]
Mapping filter: 'httpPutFormContentFilter' to: [/*]
Mapping filter: 'requestContextFilter' to: [/*]
Building JPA container EntityManagerFactory for persistence unit 'default'
HHH000204: Processing PersistenceUnitInfo [
	name: default
	...]
HHH000412: Hibernate Core {5.0.12.Final}
HHH000206: hibernate.properties not found
HHH000021: Bytecode provider name : javassist
HCANN000001: Hibernate Commons Annotations {5.0.1.Final}
HHH000400: Using dialect: org.hibernate.dialect.MySQL5Dialect
Initialized JPA EntityManagerFactory for persistence unit 'default'
Looking for @ControllerAdvice: org.springframework.boot.context.embedded.AnnotationConfigEmbeddedWebApplicationContext@8f4ea7c: startup date [Tue Aug 20 21:52:55 CST 2019]; root of context hierarchy
Mapped "{[/buyer/order/cancel],methods=[POST]}" onto public com.huangjie.sell.VO.ResultVO com.huangjie.sell.controller.BuyerOrderController.cancel(java.lang.String,java.lang.String)
Mapped "{[/buyer/order/detail],methods=[GET]}" onto public com.huangjie.sell.VO.ResultVO<com.huangjie.sell.dto.OrderDTO> com.huangjie.sell.controller.BuyerOrderController.detail(java.lang.String,java.lang.String)
Mapped "{[/buyer/order/create],methods=[POST]}" onto public com.huangjie.sell.VO.ResultVO<java.util.Map<java.lang.String, java.lang.String>> com.huangjie.sell.controller.BuyerOrderController.create(com.huangjie.sell.form.OrderForm,org.springframework.validation.BindingResult)
Mapped "{[/buyer/order/list],methods=[GET]}" onto public com.huangjie.sell.VO.ResultVO<java.util.List<com.huangjie.sell.dto.OrderDTO>> com.huangjie.sell.controller.BuyerOrderController.list(java.lang.String,int,int)
Mapped "{[/buyer/product/list],methods=[GET]}" onto public com.huangjie.sell.VO.ResultVO com.huangjie.sell.controller.BuyerProductController.list()
Mapped "{[/seller/order/finished],methods=[GET]}" onto public org.springframework.web.servlet.ModelAndView com.huangjie.sell.controller.SellOrderController.finished(java.lang.String,java.util.Map<java.lang.String, java.lang.Object>)
Mapped "{[/seller/order/cancel],methods=[GET]}" onto public org.springframework.web.servlet.ModelAndView com.huangjie.sell.controller.SellOrderController.cancel(java.lang.String,java.util.Map<java.lang.String, java.lang.Object>)
Mapped "{[/seller/order/detail],methods=[GET]}" onto public org.springframework.web.servlet.ModelAndView com.huangjie.sell.controller.SellOrderController.detail(java.lang.String,java.util.Map<java.lang.String, java.lang.Object>)
Mapped "{[/seller/order/list],methods=[GET]}" onto public org.springframework.web.servlet.ModelAndView com.huangjie.sell.controller.SellOrderController.list(int,int,java.util.Map<java.lang.String, java.lang.Object>)
Mapped "{[/seller/product/off_sale],methods=[GET]}" onto public org.springframework.web.servlet.ModelAndView com.huangjie.sell.controller.SellerProductContainer.offSale(java.lang.String,java.util.Map<java.lang.String, java.lang.Object>)
Mapped "{[/seller/product/on_sale],methods=[GET]}" onto public org.springframework.web.servlet.ModelAndView com.huangjie.sell.controller.SellerProductContainer.onSale(java.lang.String,java.util.Map<java.lang.String, java.lang.Object>)
Mapped "{[/seller/product/list],methods=[GET]}" onto public org.springframework.web.servlet.ModelAndView com.huangjie.sell.controller.SellerProductContainer.list(int,int,java.util.Map<java.lang.String, java.lang.Object>)
Mapped "{[/error],produces=[text/html]}" onto public org.springframework.web.servlet.ModelAndView org.springframework.boot.autoconfigure.web.BasicErrorController.errorHtml(javax.servlet.http.HttpServletRequest,javax.servlet.http.HttpServletResponse)
Mapped "{[/error]}" onto public org.springframework.http.ResponseEntity<java.util.Map<java.lang.String, java.lang.Object>> org.springframework.boot.autoconfigure.web.BasicErrorController.error(javax.servlet.http.HttpServletRequest)
Mapped URL path [/webjars/**] onto handler of type [class org.springframework.web.servlet.resource.ResourceHttpRequestHandler]
Mapped URL path [/**] onto handler of type [class org.springframework.web.servlet.resource.ResourceHttpRequestHandler]
Mapped URL path [/**/favicon.ico] onto handler of type [class org.springframework.web.servlet.resource.ResourceHttpRequestHandler]
ClassTemplateLoader for Spring macros added to FreeMarker configuration
Registering beans for JMX exposure on startup
Starting ProtocolHandler ["http-nio-8080"]
Using a shared selector for servlet write/read
Tomcat started on port(s): 8080 (http)
Started WechatSellApplication in 10.979 seconds (JVM running for 11.618)
Initializing Spring FrameworkServlet 'dispatcherServlet'
FrameworkServlet 'dispatcherServlet': initialization started
FrameworkServlet 'dispatcherServlet': initialization completed in 60 ms
HHH000397: Using ASTQueryTranslatorFactory
Closing org.springframework.boot.context.embedded.AnnotationConfigEmbeddedWebApplicationContext@8f4ea7c: startup date [Tue Aug 20 21:52:55 CST 2019]; root of context hierarchy
Unregistering JMX-exposed beans on shutdown
Closing JPA EntityManagerFactory for persistence unit 'default'
Starting WechatSellApplication on huangjie-PC with PID 7544 (/home/huangjie/JavaProject/WechatSellSystem/target/classes started by huangjie in /home/huangjie/JavaProject/WechatSellSystem)
No active profile set, falling back to default profiles: default
Refreshing org.springframework.boot.context.embedded.AnnotationConfigEmbeddedWebApplicationContext@8f4ea7c: startup date [Tue Aug 20 21:56:13 CST 2019]; root of context hierarchy
HV000001: Hibernate Validator 5.3.6.Final
Bean 'org.springframework.transaction.annotation.ProxyTransactionManagementConfiguration' of type [org.springframework.transaction.annotation.ProxyTransactionManagementConfiguration$$EnhancerBySpringCGLIB$$2ae4448c] is not eligible for getting processed by all BeanPostProcessors (for example: not eligible for auto-proxying)
Tomcat initialized with port(s): 8080 (http)
Initializing ProtocolHandler ["http-nio-8080"]
Starting service [Tomcat]
Starting Servlet Engine: Apache Tomcat/8.5.40
Initializing Spring embedded WebApplicationContext
Root WebApplicationContext: initialization completed in 2866 ms
Mapping servlet: 'dispatcherServlet' to [/]
Mapping filter: 'characterEncodingFilter' to: [/*]
Mapping filter: 'hiddenHttpMethodFilter' to: [/*]
Mapping filter: 'httpPutFormContentFilter' to: [/*]
Mapping filter: 'requestContextFilter' to: [/*]
Building JPA container EntityManagerFactory for persistence unit 'default'
HHH000204: Processing PersistenceUnitInfo [
	name: default
	...]
HHH000412: Hibernate Core {5.0.12.Final}
HHH000206: hibernate.properties not found
HHH000021: Bytecode provider name : javassist
HCANN000001: Hibernate Commons Annotations {5.0.1.Final}
HHH000400: Using dialect: org.hibernate.dialect.MySQL5Dialect
Initialized JPA EntityManagerFactory for persistence unit 'default'
Looking for @ControllerAdvice: org.springframework.boot.context.embedded.AnnotationConfigEmbeddedWebApplicationContext@8f4ea7c: startup date [Tue Aug 20 21:56:13 CST 2019]; root of context hierarchy
Mapped "{[/buyer/order/cancel],methods=[POST]}" onto public com.huangjie.sell.VO.ResultVO com.huangjie.sell.controller.BuyerOrderController.cancel(java.lang.String,java.lang.String)
Mapped "{[/buyer/order/detail],methods=[GET]}" onto public com.huangjie.sell.VO.ResultVO<com.huangjie.sell.dto.OrderDTO> com.huangjie.sell.controller.BuyerOrderController.detail(java.lang.String,java.lang.String)
Mapped "{[/buyer/order/create],methods=[POST]}" onto public com.huangjie.sell.VO.ResultVO<java.util.Map<java.lang.String, java.lang.String>> com.huangjie.sell.controller.BuyerOrderController.create(com.huangjie.sell.form.OrderForm,org.springframework.validation.BindingResult)
Mapped "{[/buyer/order/list],methods=[GET]}" onto public com.huangjie.sell.VO.ResultVO<java.util.List<com.huangjie.sell.dto.OrderDTO>> com.huangjie.sell.controller.BuyerOrderController.list(java.lang.String,int,int)
Mapped "{[/buyer/product/list],methods=[GET]}" onto public com.huangjie.sell.VO.ResultVO com.huangjie.sell.controller.BuyerProductController.list()
Mapped "{[/seller/order/finished],methods=[GET]}" onto public org.springframework.web.servlet.ModelAndView com.huangjie.sell.controller.SellOrderController.finished(java.lang.String,java.util.Map<java.lang.String, java.lang.Object>)
Mapped "{[/seller/order/cancel],methods=[GET]}" onto public org.springframework.web.servlet.ModelAndView com.huangjie.sell.controller.SellOrderController.cancel(java.lang.String,java.util.Map<java.lang.String, java.lang.Object>)
Mapped "{[/seller/order/detail],methods=[GET]}" onto public org.springframework.web.servlet.ModelAndView com.huangjie.sell.controller.SellOrderController.detail(java.lang.String,java.util.Map<java.lang.String, java.lang.Object>)
Mapped "{[/seller/order/list],methods=[GET]}" onto public org.springframework.web.servlet.ModelAndView com.huangjie.sell.controller.SellOrderController.list(int,int,java.util.Map<java.lang.String, java.lang.Object>)
Mapped "{[/seller/product/off_sale],methods=[GET]}" onto public org.springframework.web.servlet.ModelAndView com.huangjie.sell.controller.SellerProductContainer.offSale(java.lang.String,java.util.Map<java.lang.String, java.lang.Object>)
Mapped "{[/seller/product/on_sale],methods=[GET]}" onto public org.springframework.web.servlet.ModelAndView com.huangjie.sell.controller.SellerProductContainer.onSale(java.lang.String,java.util.Map<java.lang.String, java.lang.Object>)
Mapped "{[/seller/product/list],methods=[GET]}" onto public org.springframework.web.servlet.ModelAndView com.huangjie.sell.controller.SellerProductContainer.list(int,int,java.util.Map<java.lang.String, java.lang.Object>)
Mapped "{[/error],produces=[text/html]}" onto public org.springframework.web.servlet.ModelAndView org.springframework.boot.autoconfigure.web.BasicErrorController.errorHtml(javax.servlet.http.HttpServletRequest,javax.servlet.http.HttpServletResponse)
Mapped "{[/error]}" onto public org.springframework.http.ResponseEntity<java.util.Map<java.lang.String, java.lang.Object>> org.springframework.boot.autoconfigure.web.BasicErrorController.error(javax.servlet.http.HttpServletRequest)
Mapped URL path [/webjars/**] onto handler of type [class org.springframework.web.servlet.resource.ResourceHttpRequestHandler]
Mapped URL path [/**] onto handler of type [class org.springframework.web.servlet.resource.ResourceHttpRequestHandler]
Mapped URL path [/**/favicon.ico] onto handler of type [class org.springframework.web.servlet.resource.ResourceHttpRequestHandler]
ClassTemplateLoader for Spring macros added to FreeMarker configuration
Registering beans for JMX exposure on startup
Starting ProtocolHandler ["http-nio-8080"]
Using a shared selector for servlet write/read
Tomcat started on port(s): 8080 (http)
Started WechatSellApplication in 7.782 seconds (JVM running for 8.442)
Initializing Spring FrameworkServlet 'dispatcherServlet'
FrameworkServlet 'dispatcherServlet': initialization started
FrameworkServlet 'dispatcherServlet': initialization completed in 22 ms
HHH000397: Using ASTQueryTranslatorFactory
Starting SellerInfoServiceImplTest on huangjie-PC with PID 9025 (started by huangjie in /home/huangjie/JavaProject/WechatSellSystem)
No active profile set, falling back to default profiles: default
Refreshing org.springframework.web.context.support.GenericWebApplicationContext@2ab4bc72: startup date [Tue Aug 20 22:07:37 CST 2019]; root of context hierarchy
HV000001: Hibernate Validator 5.3.6.Final
Bean 'org.springframework.transaction.annotation.ProxyTransactionManagementConfiguration' of type [org.springframework.transaction.annotation.ProxyTransactionManagementConfiguration$$EnhancerBySpringCGLIB$$354590f2] is not eligible for getting processed by all BeanPostProcessors (for example: not eligible for auto-proxying)
Building JPA container EntityManagerFactory for persistence unit 'default'
HHH000204: Processing PersistenceUnitInfo [
	name: default
	...]
HHH000412: Hibernate Core {5.0.12.Final}
HHH000206: hibernate.properties not found
HHH000021: Bytecode provider name : javassist
HCANN000001: Hibernate Commons Annotations {5.0.1.Final}
HHH000400: Using dialect: org.hibernate.dialect.MySQL5Dialect
Initialized JPA EntityManagerFactory for persistence unit 'default'
Looking for @ControllerAdvice: org.springframework.web.context.support.GenericWebApplicationContext@2ab4bc72: startup date [Tue Aug 20 22:07:37 CST 2019]; root of context hierarchy
Mapped "{[/buyer/order/cancel],methods=[POST]}" onto public com.huangjie.sell.VO.ResultVO com.huangjie.sell.controller.BuyerOrderController.cancel(java.lang.String,java.lang.String)
Mapped "{[/buyer/order/detail],methods=[GET]}" onto public com.huangjie.sell.VO.ResultVO<com.huangjie.sell.dto.OrderDTO> com.huangjie.sell.controller.BuyerOrderController.detail(java.lang.String,java.lang.String)
Mapped "{[/buyer/order/create],methods=[POST]}" onto public com.huangjie.sell.VO.ResultVO<java.util.Map<java.lang.String, java.lang.String>> com.huangjie.sell.controller.BuyerOrderController.create(com.huangjie.sell.form.OrderForm,org.springframework.validation.BindingResult)
Mapped "{[/buyer/order/list],methods=[GET]}" onto public com.huangjie.sell.VO.ResultVO<java.util.List<com.huangjie.sell.dto.OrderDTO>> com.huangjie.sell.controller.BuyerOrderController.list(java.lang.String,int,int)
Mapped "{[/buyer/product/list],methods=[GET]}" onto public com.huangjie.sell.VO.ResultVO com.huangjie.sell.controller.BuyerProductController.list()
Mapped "{[/seller/order/finished],methods=[GET]}" onto public org.springframework.web.servlet.ModelAndView com.huangjie.sell.controller.SellOrderController.finished(java.lang.String,java.util.Map<java.lang.String, java.lang.Object>)
Mapped "{[/seller/order/cancel],methods=[GET]}" onto public org.springframework.web.servlet.ModelAndView com.huangjie.sell.controller.SellOrderController.cancel(java.lang.String,java.util.Map<java.lang.String, java.lang.Object>)
Mapped "{[/seller/order/detail],methods=[GET]}" onto public org.springframework.web.servlet.ModelAndView com.huangjie.sell.controller.SellOrderController.detail(java.lang.String,java.util.Map<java.lang.String, java.lang.Object>)
Mapped "{[/seller/order/list],methods=[GET]}" onto public org.springframework.web.servlet.ModelAndView com.huangjie.sell.controller.SellOrderController.list(int,int,java.util.Map<java.lang.String, java.lang.Object>)
Mapped "{[/seller/product/off_sale],methods=[GET]}" onto public org.springframework.web.servlet.ModelAndView com.huangjie.sell.controller.SellerProductContainer.offSale(java.lang.String,java.util.Map<java.lang.String, java.lang.Object>)
Mapped "{[/seller/product/on_sale],methods=[GET]}" onto public org.springframework.web.servlet.ModelAndView com.huangjie.sell.controller.SellerProductContainer.onSale(java.lang.String,java.util.Map<java.lang.String, java.lang.Object>)
Mapped "{[/seller/product/list],methods=[GET]}" onto public org.springframework.web.servlet.ModelAndView com.huangjie.sell.controller.SellerProductContainer.list(int,int,java.util.Map<java.lang.String, java.lang.Object>)
Mapped "{[/error],produces=[text/html]}" onto public org.springframework.web.servlet.ModelAndView org.springframework.boot.autoconfigure.web.BasicErrorController.errorHtml(javax.servlet.http.HttpServletRequest,javax.servlet.http.HttpServletResponse)
Mapped "{[/error]}" onto public org.springframework.http.ResponseEntity<java.util.Map<java.lang.String, java.lang.Object>> org.springframework.boot.autoconfigure.web.BasicErrorController.error(javax.servlet.http.HttpServletRequest)
Mapped URL path [/webjars/**] onto handler of type [class org.springframework.web.servlet.resource.ResourceHttpRequestHandler]
Mapped URL path [/**] onto handler of type [class org.springframework.web.servlet.resource.ResourceHttpRequestHandler]
Mapped URL path [/**/favicon.ico] onto handler of type [class org.springframework.web.servlet.resource.ResourceHttpRequestHandler]
ClassTemplateLoader for Spring macros added to FreeMarker configuration
Started SellerInfoServiceImplTest in 9.005 seconds (JVM running for 11.166)
HHH000397: Using ASTQueryTranslatorFactory
Closing org.springframework.web.context.support.GenericWebApplicationContext@2ab4bc72: startup date [Tue Aug 20 22:07:37 CST 2019]; root of context hierarchy
Closing JPA EntityManagerFactory for persistence unit 'default'
Closing org.springframework.boot.context.embedded.AnnotationConfigEmbeddedWebApplicationContext@8f4ea7c: startup date [Tue Aug 20 21:56:13 CST 2019]; root of context hierarchy
Unregistering JMX-exposed beans on shutdown
Closing JPA EntityManagerFactory for persistence unit 'default'
Starting WechatSellApplication on huangjie-PC with PID 26720 (/home/huangjie/JavaProject/WechatSellSystem/target/classes started by huangjie in /home/huangjie/JavaProject/WechatSellSystem)
No active profile set, falling back to default profiles: default
Refreshing org.springframework.boot.context.embedded.AnnotationConfigEmbeddedWebApplicationContext@5c6648b0: startup date [Tue Aug 20 23:46:55 CST 2019]; root of context hierarchy
HV000001: Hibernate Validator 5.3.6.Final
Bean 'org.springframework.transaction.annotation.ProxyTransactionManagementConfiguration' of type [org.springframework.transaction.annotation.ProxyTransactionManagementConfiguration$$EnhancerBySpringCGLIB$$8fdb9b79] is not eligible for getting processed by all BeanPostProcessors (for example: not eligible for auto-proxying)
Tomcat initialized with port(s): 8080 (http)
Initializing ProtocolHandler ["http-nio-8080"]
Starting service [Tomcat]
Starting Servlet Engine: Apache Tomcat/8.5.40
Initializing Spring embedded WebApplicationContext
Root WebApplicationContext: initialization completed in 3312 ms
Mapping servlet: 'dispatcherServlet' to [/]
Mapping filter: 'characterEncodingFilter' to: [/*]
Mapping filter: 'hiddenHttpMethodFilter' to: [/*]
Mapping filter: 'httpPutFormContentFilter' to: [/*]
Mapping filter: 'requestContextFilter' to: [/*]
Building JPA container EntityManagerFactory for persistence unit 'default'
HHH000204: Processing PersistenceUnitInfo [
	name: default
	...]
HHH000412: Hibernate Core {5.0.12.Final}
HHH000206: hibernate.properties not found
HHH000021: Bytecode provider name : javassist
HCANN000001: Hibernate Commons Annotations {5.0.1.Final}
HHH000400: Using dialect: org.hibernate.dialect.MySQL5Dialect
Initialized JPA EntityManagerFactory for persistence unit 'default'
Exception encountered during context initialization - cancelling refresh attempt: org.springframework.beans.factory.UnsatisfiedDependencyException: Error creating bean with name 'weChatController': Unsatisfied dependency expressed through field 'wxOpenService'; nested exception is org.springframework.beans.factory.NoSuchBeanDefinitionException: No qualifying bean of type 'me.chanjar.weixin.mp.api.WxMpService' available: expected at least 1 bean which qualifies as autowire candidate. Dependency annotations: {@org.springframework.beans.factory.annotation.Autowired(required=true)}
Closing JPA EntityManagerFactory for persistence unit 'default'
Stopping service [Tomcat]


Error starting ApplicationContext. To display the auto-configuration report re-run your application with 'debug' enabled.
Starting WechatSellApplication on huangjie-PC with PID 26977 (/home/huangjie/JavaProject/WechatSellSystem/target/classes started by huangjie in /home/huangjie/JavaProject/WechatSellSystem)
No active profile set, falling back to default profiles: default
Refreshing org.springframework.boot.context.embedded.AnnotationConfigEmbeddedWebApplicationContext@5c6648b0: startup date [Tue Aug 20 23:47:26 CST 2019]; root of context hierarchy
HV000001: Hibernate Validator 5.3.6.Final
Bean 'org.springframework.transaction.annotation.ProxyTransactionManagementConfiguration' of type [org.springframework.transaction.annotation.ProxyTransactionManagementConfiguration$$EnhancerBySpringCGLIB$$d173ccce] is not eligible for getting processed by all BeanPostProcessors (for example: not eligible for auto-proxying)
Tomcat initialized with port(s): 8080 (http)
Initializing ProtocolHandler ["http-nio-8080"]
Starting service [Tomcat]
Starting Servlet Engine: Apache Tomcat/8.5.40
Initializing Spring embedded WebApplicationContext
Root WebApplicationContext: initialization completed in 3312 ms
Mapping servlet: 'dispatcherServlet' to [/]
Mapping filter: 'characterEncodingFilter' to: [/*]
Mapping filter: 'hiddenHttpMethodFilter' to: [/*]
Mapping filter: 'httpPutFormContentFilter' to: [/*]
Mapping filter: 'requestContextFilter' to: [/*]
Building JPA container EntityManagerFactory for persistence unit 'default'
HHH000204: Processing PersistenceUnitInfo [
	name: default
	...]
HHH000412: Hibernate Core {5.0.12.Final}
HHH000206: hibernate.properties not found
HHH000021: Bytecode provider name : javassist
HCANN000001: Hibernate Commons Annotations {5.0.1.Final}
HHH000400: Using dialect: org.hibernate.dialect.MySQL5Dialect
Initialized JPA EntityManagerFactory for persistence unit 'default'
Exception encountered during context initialization - cancelling refresh attempt: org.springframework.beans.factory.UnsatisfiedDependencyException: Error creating bean with name 'weChatController': Unsatisfied dependency expressed through field 'wxOpenService'; nested exception is org.springframework.beans.factory.NoSuchBeanDefinitionException: No qualifying bean of type 'me.chanjar.weixin.mp.api.WxMpService' available: expected at least 1 bean which qualifies as autowire candidate. Dependency annotations: {@org.springframework.beans.factory.annotation.Autowired(required=true)}
Closing JPA EntityManagerFactory for persistence unit 'default'
Stopping service [Tomcat]


Error starting ApplicationContext. To display the auto-configuration report re-run your application with 'debug' enabled.
Starting WechatSellApplication on huangjie-PC with PID 27223 (/home/huangjie/JavaProject/WechatSellSystem/target/classes started by huangjie in /home/huangjie/JavaProject/WechatSellSystem)
No active profile set, falling back to default profiles: default
Refreshing org.springframework.boot.context.embedded.AnnotationConfigEmbeddedWebApplicationContext@f6efaab: startup date [Tue Aug 20 23:49:19 CST 2019]; root of context hierarchy
HV000001: Hibernate Validator 5.3.6.Final
Bean 'org.springframework.transaction.annotation.ProxyTransactionManagementConfiguration' of type [org.springframework.transaction.annotation.ProxyTransactionManagementConfiguration$$EnhancerBySpringCGLIB$$f70b1c56] is not eligible for getting processed by all BeanPostProcessors (for example: not eligible for auto-proxying)
Tomcat initialized with port(s): 8080 (http)
Initializing ProtocolHandler ["http-nio-8080"]
Starting service [Tomcat]
Starting Servlet Engine: Apache Tomcat/8.5.40
Initializing Spring embedded WebApplicationContext
Root WebApplicationContext: initialization completed in 3140 ms
Mapping servlet: 'dispatcherServlet' to [/]
Mapping filter: 'characterEncodingFilter' to: [/*]
Mapping filter: 'hiddenHttpMethodFilter' to: [/*]
Mapping filter: 'httpPutFormContentFilter' to: [/*]
Mapping filter: 'requestContextFilter' to: [/*]
Building JPA container EntityManagerFactory for persistence unit 'default'
HHH000204: Processing PersistenceUnitInfo [
	name: default
	...]
HHH000412: Hibernate Core {5.0.12.Final}
HHH000206: hibernate.properties not found
HHH000021: Bytecode provider name : javassist
HCANN000001: Hibernate Commons Annotations {5.0.1.Final}
HHH000400: Using dialect: org.hibernate.dialect.MySQL5Dialect
Initialized JPA EntityManagerFactory for persistence unit 'default'
Looking for @ControllerAdvice: org.springframework.boot.context.embedded.AnnotationConfigEmbeddedWebApplicationContext@f6efaab: startup date [Tue Aug 20 23:49:19 CST 2019]; root of context hierarchy
Mapped "{[/buyer/order/cancel],methods=[POST]}" onto public com.huangjie.sell.VO.ResultVO com.huangjie.sell.controller.BuyerOrderController.cancel(java.lang.String,java.lang.String)
Mapped "{[/buyer/order/detail],methods=[GET]}" onto public com.huangjie.sell.VO.ResultVO<com.huangjie.sell.dto.OrderDTO> com.huangjie.sell.controller.BuyerOrderController.detail(java.lang.String,java.lang.String)
Mapped "{[/buyer/order/create],methods=[POST]}" onto public com.huangjie.sell.VO.ResultVO<java.util.Map<java.lang.String, java.lang.String>> com.huangjie.sell.controller.BuyerOrderController.create(com.huangjie.sell.form.OrderForm,org.springframework.validation.BindingResult)
Mapped "{[/buyer/order/list],methods=[GET]}" onto public com.huangjie.sell.VO.ResultVO<java.util.List<com.huangjie.sell.dto.OrderDTO>> com.huangjie.sell.controller.BuyerOrderController.list(java.lang.String,int,int)
Mapped "{[/buyer/product/list],methods=[GET]}" onto public com.huangjie.sell.VO.ResultVO com.huangjie.sell.controller.BuyerProductController.list()
Mapped "{[/seller/order/finished],methods=[GET]}" onto public org.springframework.web.servlet.ModelAndView com.huangjie.sell.controller.SellOrderController.finished(java.lang.String,java.util.Map<java.lang.String, java.lang.Object>)
Mapped "{[/seller/order/cancel],methods=[GET]}" onto public org.springframework.web.servlet.ModelAndView com.huangjie.sell.controller.SellOrderController.cancel(java.lang.String,java.util.Map<java.lang.String, java.lang.Object>)
Mapped "{[/seller/order/detail],methods=[GET]}" onto public org.springframework.web.servlet.ModelAndView com.huangjie.sell.controller.SellOrderController.detail(java.lang.String,java.util.Map<java.lang.String, java.lang.Object>)
Mapped "{[/seller/order/list],methods=[GET]}" onto public org.springframework.web.servlet.ModelAndView com.huangjie.sell.controller.SellOrderController.list(int,int,java.util.Map<java.lang.String, java.lang.Object>)
Mapped "{[/seller/product/off_sale],methods=[GET]}" onto public org.springframework.web.servlet.ModelAndView com.huangjie.sell.controller.SellerProductContainer.offSale(java.lang.String,java.util.Map<java.lang.String, java.lang.Object>)
Mapped "{[/seller/product/on_sale],methods=[GET]}" onto public org.springframework.web.servlet.ModelAndView com.huangjie.sell.controller.SellerProductContainer.onSale(java.lang.String,java.util.Map<java.lang.String, java.lang.Object>)
Mapped "{[/seller/product/list],methods=[GET]}" onto public org.springframework.web.servlet.ModelAndView com.huangjie.sell.controller.SellerProductContainer.list(int,int,java.util.Map<java.lang.String, java.lang.Object>)
Mapped "{[/seller/login],methods=[GET]}" onto public org.springframework.web.servlet.ModelAndView com.huangjie.sell.controller.SellerUserController.login(java.lang.String,java.util.Map<java.lang.String, java.lang.Object>)
Mapped "{[/error],produces=[text/html]}" onto public org.springframework.web.servlet.ModelAndView org.springframework.boot.autoconfigure.web.BasicErrorController.errorHtml(javax.servlet.http.HttpServletRequest,javax.servlet.http.HttpServletResponse)
Mapped "{[/error]}" onto public org.springframework.http.ResponseEntity<java.util.Map<java.lang.String, java.lang.Object>> org.springframework.boot.autoconfigure.web.BasicErrorController.error(javax.servlet.http.HttpServletRequest)
Mapped URL path [/webjars/**] onto handler of type [class org.springframework.web.servlet.resource.ResourceHttpRequestHandler]
Mapped URL path [/**] onto handler of type [class org.springframework.web.servlet.resource.ResourceHttpRequestHandler]
Mapped URL path [/**/favicon.ico] onto handler of type [class org.springframework.web.servlet.resource.ResourceHttpRequestHandler]
ClassTemplateLoader for Spring macros added to FreeMarker configuration
Registering beans for JMX exposure on startup
Starting ProtocolHandler ["http-nio-8080"]
Using a shared selector for servlet write/read
Tomcat started on port(s): 8080 (http)
Started WechatSellApplication in 7.87 seconds (JVM running for 8.465)
Initializing Spring FrameworkServlet 'dispatcherServlet'
FrameworkServlet 'dispatcherServlet': initialization started
FrameworkServlet 'dispatcherServlet': initialization completed in 34 ms
HHH000397: Using ASTQueryTranslatorFactory
Closing org.springframework.boot.context.embedded.AnnotationConfigEmbeddedWebApplicationContext@f6efaab: startup date [Tue Aug 20 23:49:19 CST 2019]; root of context hierarchy
Unregistering JMX-exposed beans on shutdown
Closing JPA EntityManagerFactory for persistence unit 'default'
