Starting WechatSellApplication on huangjie-PC with PID 17347 (/home/huangjie/JavaProject/WechatSellSystem/target/classes started by huangjie in /home/huangjie/JavaProject/WechatSellSystem)
No active profile set, falling back to default profiles: default
Refreshing org.springframework.boot.context.embedded.AnnotationConfigEmbeddedWebApplicationContext@f6efaab: startup date [Thu Aug 22 22:49:58 CST 2019]; root of context hierarchy
HV000001: Hibernate Validator 5.3.6.Final
Bean 'org.springframework.transaction.annotation.ProxyTransactionManagementConfiguration' of type [org.springframework.transaction.annotation.ProxyTransactionManagementConfiguration$$EnhancerBySpringCGLIB$$a683f05c] is not eligible for getting processed by all BeanPostProcessors (for example: not eligible for auto-proxying)
Tomcat initialized with port(s): 8080 (http)
Initializing ProtocolHandler ["http-nio-8080"]
Starting service [Tomcat]
Starting Servlet Engine: Apache Tomcat/8.5.40
Initializing Spring embedded WebApplicationContext
Root WebApplicationContext: initialization completed in 3245 ms
Mapping servlet: 'dispatcherServlet' to [/]
Mapping filter: 'characterEncodingFilter' to: [/*]
Mapping filter: 'hiddenHttpMethodFilter' to: [/*]
Mapping filter: 'httpPutFormContentFilter' to: [/*]
Mapping filter: 'requestContextFilter' to: [/*]
Building JPA container EntityManagerFactory for persistence unit 'default'
HHH000204: Processing PersistenceUnitInfo [
	name: default
	...]
HHH000412: Hibernate Core {5.0.12.Final}
HHH000206: hibernate.properties not found
HHH000021: Bytecode provider name : javassist
HCANN000001: Hibernate Commons Annotations {5.0.1.Final}
HHH000400: Using dialect: org.hibernate.dialect.MySQL5Dialect
Initialized JPA EntityManagerFactory for persistence unit 'default'
Looking for @ControllerAdvice: org.springframework.boot.context.embedded.AnnotationConfigEmbeddedWebApplicationContext@f6efaab: startup date [Thu Aug 22 22:49:58 CST 2019]; root of context hierarchy
Mapped "{[/buyer/order/cancel],methods=[POST]}" onto public com.huangjie.sell.VO.ResultVO com.huangjie.sell.controller.BuyerOrderController.cancel(java.lang.String,java.lang.String)
Mapped "{[/buyer/order/detail],methods=[GET]}" onto public com.huangjie.sell.VO.ResultVO<com.huangjie.sell.dto.OrderDTO> com.huangjie.sell.controller.BuyerOrderController.detail(java.lang.String,java.lang.String)
Mapped "{[/buyer/order/create],methods=[POST]}" onto public com.huangjie.sell.VO.ResultVO<java.util.Map<java.lang.String, java.lang.String>> com.huangjie.sell.controller.BuyerOrderController.create(com.huangjie.sell.form.OrderForm,org.springframework.validation.BindingResult)
Mapped "{[/buyer/order/list],methods=[GET]}" onto public com.huangjie.sell.VO.ResultVO<java.util.List<com.huangjie.sell.dto.OrderDTO>> com.huangjie.sell.controller.BuyerOrderController.list(java.lang.String,int,int)
Mapped "{[/buyer/product/list],methods=[GET]}" onto public com.huangjie.sell.VO.ResultVO com.huangjie.sell.controller.BuyerProductController.list()
Mapped "{[/seller/order/finished],methods=[GET]}" onto public org.springframework.web.servlet.ModelAndView com.huangjie.sell.controller.SellOrderController.finished(java.lang.String,java.util.Map<java.lang.String, java.lang.Object>)
Mapped "{[/seller/order/cancel],methods=[GET]}" onto public org.springframework.web.servlet.ModelAndView com.huangjie.sell.controller.SellOrderController.cancel(java.lang.String,java.util.Map<java.lang.String, java.lang.Object>)
Mapped "{[/seller/order/detail],methods=[GET]}" onto public org.springframework.web.servlet.ModelAndView com.huangjie.sell.controller.SellOrderController.detail(java.lang.String,java.util.Map<java.lang.String, java.lang.Object>)
Mapped "{[/seller/order/list],methods=[GET]}" onto public org.springframework.web.servlet.ModelAndView com.huangjie.sell.controller.SellOrderController.list(int,int,java.util.Map<java.lang.String, java.lang.Object>)
Mapped "{[/seller/product/off_sale],methods=[GET]}" onto public org.springframework.web.servlet.ModelAndView com.huangjie.sell.controller.SellerProductContainer.offSale(java.lang.String,java.util.Map<java.lang.String, java.lang.Object>)
Mapped "{[/seller/product/on_sale],methods=[GET]}" onto public org.springframework.web.servlet.ModelAndView com.huangjie.sell.controller.SellerProductContainer.onSale(java.lang.String,java.util.Map<java.lang.String, java.lang.Object>)
Mapped "{[/seller/product/list],methods=[GET]}" onto public org.springframework.web.servlet.ModelAndView com.huangjie.sell.controller.SellerProductContainer.list(int,int,java.util.Map<java.lang.String, java.lang.Object>)
Mapped "{[/seller/login],methods=[GET]}" onto public org.springframework.web.servlet.ModelAndView com.huangjie.sell.controller.SellerUserController.login(java.lang.String,java.util.Map<java.lang.String, java.lang.Object>)
Mapped "{[/error],produces=[text/html]}" onto public org.springframework.web.servlet.ModelAndView org.springframework.boot.autoconfigure.web.BasicErrorController.errorHtml(javax.servlet.http.HttpServletRequest,javax.servlet.http.HttpServletResponse)
Mapped "{[/error]}" onto public org.springframework.http.ResponseEntity<java.util.Map<java.lang.String, java.lang.Object>> org.springframework.boot.autoconfigure.web.BasicErrorController.error(javax.servlet.http.HttpServletRequest)
Mapped URL path [/webjars/**] onto handler of type [class org.springframework.web.servlet.resource.ResourceHttpRequestHandler]
Mapped URL path [/**] onto handler of type [class org.springframework.web.servlet.resource.ResourceHttpRequestHandler]
Mapped URL path [/**/favicon.ico] onto handler of type [class org.springframework.web.servlet.resource.ResourceHttpRequestHandler]
ClassTemplateLoader for Spring macros added to FreeMarker configuration
Registering beans for JMX exposure on startup
Starting ProtocolHandler ["http-nio-8080"]
Using a shared selector for servlet write/read
Tomcat started on port(s): 8080 (http)
Started WechatSellApplication in 9.805 seconds (JVM running for 10.934)
Initializing Spring FrameworkServlet 'dispatcherServlet'
FrameworkServlet 'dispatcherServlet': initialization started
FrameworkServlet 'dispatcherServlet': initialization completed in 20 ms
HHH000397: Using ASTQueryTranslatorFactory
Closing org.springframework.boot.context.embedded.AnnotationConfigEmbeddedWebApplicationContext@f6efaab: startup date [Thu Aug 22 22:49:58 CST 2019]; root of context hierarchy
Unregistering JMX-exposed beans on shutdown
Closing JPA EntityManagerFactory for persistence unit 'default'
