Starting ProductInfoRepositoryTest on huangjie-PC with PID 8855 (started by huangjie in /home/huangjie/JavaProject/WechatSellSystem)
No active profile set, falling back to default profiles: default
Refreshing org.springframework.web.context.support.GenericWebApplicationContext@6cb107fd: startup date [Mon Aug 19 21:36:10 CST 2019]; root of context hierarchy
HV000001: Hibernate Validator 5.3.6.Final
Bean 'org.springframework.transaction.annotation.ProxyTransactionManagementConfiguration' of type [org.springframework.transaction.annotation.ProxyTransactionManagementConfiguration$$EnhancerBySpringCGLIB$$67466329] is not eligible for getting processed by all BeanPostProcessors (for example: not eligible for auto-proxying)
Building JPA container EntityManagerFactory for persistence unit 'default'
HHH000204: Processing PersistenceUnitInfo [
	name: default
	...]
HHH000412: Hibernate Core {5.0.12.Final}
HHH000206: hibernate.properties not found
HHH000021: Bytecode provider name : javassist
HCANN000001: Hibernate Commons Annotations {5.0.1.Final}
HHH000400: Using dialect: org.hibernate.dialect.MySQL5Dialect
Initialized JPA EntityManagerFactory for persistence unit 'default'
Looking for @ControllerAdvice: org.springframework.web.context.support.GenericWebApplicationContext@6cb107fd: startup date [Mon Aug 19 21:36:10 CST 2019]; root of context hierarchy
Mapped "{[/buyer/order/cancel],methods=[POST]}" onto public com.huangjie.sell.VO.ResultVO com.huangjie.sell.controller.BuyerOrderController.cancel(java.lang.String,java.lang.String)
Mapped "{[/buyer/order/detail],methods=[GET]}" onto public com.huangjie.sell.VO.ResultVO<com.huangjie.sell.dto.OrderDTO> com.huangjie.sell.controller.BuyerOrderController.detail(java.lang.String,java.lang.String)
Mapped "{[/buyer/order/create],methods=[POST]}" onto public com.huangjie.sell.VO.ResultVO<java.util.Map<java.lang.String, java.lang.String>> com.huangjie.sell.controller.BuyerOrderController.create(com.huangjie.sell.form.OrderForm,org.springframework.validation.BindingResult)
Mapped "{[/buyer/order/list],methods=[GET]}" onto public com.huangjie.sell.VO.ResultVO<java.util.List<com.huangjie.sell.dto.OrderDTO>> com.huangjie.sell.controller.BuyerOrderController.list(java.lang.String,int,int)
Mapped "{[/buyer/product/list],methods=[GET]}" onto public com.huangjie.sell.VO.ResultVO com.huangjie.sell.controller.BuyerProductController.list()
Mapped "{[/seller/order/finished],methods=[GET]}" onto public org.springframework.web.servlet.ModelAndView com.huangjie.sell.controller.SellOrderController.finished(java.lang.String,java.util.Map<java.lang.String, java.lang.Object>)
Mapped "{[/seller/order/cancel],methods=[GET]}" onto public org.springframework.web.servlet.ModelAndView com.huangjie.sell.controller.SellOrderController.cancel(java.lang.String,java.util.Map<java.lang.String, java.lang.Object>)
Mapped "{[/seller/order/detail],methods=[GET]}" onto public org.springframework.web.servlet.ModelAndView com.huangjie.sell.controller.SellOrderController.detail(java.lang.String,java.util.Map<java.lang.String, java.lang.Object>)
Mapped "{[/seller/order/list],methods=[GET]}" onto public org.springframework.web.servlet.ModelAndView com.huangjie.sell.controller.SellOrderController.list(int,int,java.util.Map<java.lang.String, java.lang.Object>)
Mapped "{[/seller/product/list],methods=[GET]}" onto public org.springframework.web.servlet.ModelAndView com.huangjie.sell.controller.SellerProductContainer.list(int,int,java.util.Map<java.lang.String, java.lang.Object>)
Mapped "{[/error],produces=[text/html]}" onto public org.springframework.web.servlet.ModelAndView org.springframework.boot.autoconfigure.web.BasicErrorController.errorHtml(javax.servlet.http.HttpServletRequest,javax.servlet.http.HttpServletResponse)
Mapped "{[/error]}" onto public org.springframework.http.ResponseEntity<java.util.Map<java.lang.String, java.lang.Object>> org.springframework.boot.autoconfigure.web.BasicErrorController.error(javax.servlet.http.HttpServletRequest)
Mapped URL path [/webjars/**] onto handler of type [class org.springframework.web.servlet.resource.ResourceHttpRequestHandler]
Mapped URL path [/**] onto handler of type [class org.springframework.web.servlet.resource.ResourceHttpRequestHandler]
Mapped URL path [/**/favicon.ico] onto handler of type [class org.springframework.web.servlet.resource.ResourceHttpRequestHandler]
ClassTemplateLoader for Spring macros added to FreeMarker configuration
Started ProductInfoRepositoryTest in 8.918 seconds (JVM running for 10.92)
Closing org.springframework.web.context.support.GenericWebApplicationContext@6cb107fd: startup date [Mon Aug 19 21:36:10 CST 2019]; root of context hierarchy
Closing JPA EntityManagerFactory for persistence unit 'default'
Starting WechatSellApplication on huangjie-PC with PID 7569 (/home/huangjie/JavaProject/WechatSellSystem/target/classes started by huangjie in /home/huangjie/JavaProject/WechatSellSystem)
No active profile set, falling back to default profiles: default
Refreshing org.springframework.boot.context.embedded.AnnotationConfigEmbeddedWebApplicationContext@8f4ea7c: startup date [Mon Aug 19 22:46:56 CST 2019]; root of context hierarchy
HV000001: Hibernate Validator 5.3.6.Final
Bean 'org.springframework.transaction.annotation.ProxyTransactionManagementConfiguration' of type [org.springframework.transaction.annotation.ProxyTransactionManagementConfiguration$$EnhancerBySpringCGLIB$$bc89f9e] is not eligible for getting processed by all BeanPostProcessors (for example: not eligible for auto-proxying)
Tomcat initialized with port(s): 8080 (http)
Initializing ProtocolHandler ["http-nio-8080"]
Starting service [Tomcat]
Starting Servlet Engine: Apache Tomcat/8.5.40
Initializing Spring embedded WebApplicationContext
Root WebApplicationContext: initialization completed in 3087 ms
Mapping servlet: 'dispatcherServlet' to [/]
Mapping filter: 'characterEncodingFilter' to: [/*]
Mapping filter: 'hiddenHttpMethodFilter' to: [/*]
Mapping filter: 'httpPutFormContentFilter' to: [/*]
Mapping filter: 'requestContextFilter' to: [/*]
Building JPA container EntityManagerFactory for persistence unit 'default'
HHH000204: Processing PersistenceUnitInfo [
	name: default
	...]
HHH000412: Hibernate Core {5.0.12.Final}
HHH000206: hibernate.properties not found
HHH000021: Bytecode provider name : javassist
HCANN000001: Hibernate Commons Annotations {5.0.1.Final}
HHH000400: Using dialect: org.hibernate.dialect.MySQL5Dialect
Initialized JPA EntityManagerFactory for persistence unit 'default'
Looking for @ControllerAdvice: org.springframework.boot.context.embedded.AnnotationConfigEmbeddedWebApplicationContext@8f4ea7c: startup date [Mon Aug 19 22:46:56 CST 2019]; root of context hierarchy
Mapped "{[/buyer/order/cancel],methods=[POST]}" onto public com.huangjie.sell.VO.ResultVO com.huangjie.sell.controller.BuyerOrderController.cancel(java.lang.String,java.lang.String)
Mapped "{[/buyer/order/detail],methods=[GET]}" onto public com.huangjie.sell.VO.ResultVO<com.huangjie.sell.dto.OrderDTO> com.huangjie.sell.controller.BuyerOrderController.detail(java.lang.String,java.lang.String)
Mapped "{[/buyer/order/create],methods=[POST]}" onto public com.huangjie.sell.VO.ResultVO<java.util.Map<java.lang.String, java.lang.String>> com.huangjie.sell.controller.BuyerOrderController.create(com.huangjie.sell.form.OrderForm,org.springframework.validation.BindingResult)
Mapped "{[/buyer/order/list],methods=[GET]}" onto public com.huangjie.sell.VO.ResultVO<java.util.List<com.huangjie.sell.dto.OrderDTO>> com.huangjie.sell.controller.BuyerOrderController.list(java.lang.String,int,int)
Mapped "{[/buyer/product/list],methods=[GET]}" onto public com.huangjie.sell.VO.ResultVO com.huangjie.sell.controller.BuyerProductController.list()
Mapped "{[/seller/order/finished],methods=[GET]}" onto public org.springframework.web.servlet.ModelAndView com.huangjie.sell.controller.SellOrderController.finished(java.lang.String,java.util.Map<java.lang.String, java.lang.Object>)
Mapped "{[/seller/order/cancel],methods=[GET]}" onto public org.springframework.web.servlet.ModelAndView com.huangjie.sell.controller.SellOrderController.cancel(java.lang.String,java.util.Map<java.lang.String, java.lang.Object>)
Mapped "{[/seller/order/detail],methods=[GET]}" onto public org.springframework.web.servlet.ModelAndView com.huangjie.sell.controller.SellOrderController.detail(java.lang.String,java.util.Map<java.lang.String, java.lang.Object>)
Mapped "{[/seller/order/list],methods=[GET]}" onto public org.springframework.web.servlet.ModelAndView com.huangjie.sell.controller.SellOrderController.list(int,int,java.util.Map<java.lang.String, java.lang.Object>)
Mapped "{[/seller/product/off_sale],methods=[GET]}" onto public org.springframework.web.servlet.ModelAndView com.huangjie.sell.controller.SellerProductContainer.offSale(java.lang.String,java.util.Map<java.lang.String, java.lang.Object>)
Mapped "{[/seller/product/list],methods=[GET]}" onto public org.springframework.web.servlet.ModelAndView com.huangjie.sell.controller.SellerProductContainer.list(int,int,java.util.Map<java.lang.String, java.lang.Object>)
Mapped "{[/error],produces=[text/html]}" onto public org.springframework.web.servlet.ModelAndView org.springframework.boot.autoconfigure.web.BasicErrorController.errorHtml(javax.servlet.http.HttpServletRequest,javax.servlet.http.HttpServletResponse)
Mapped "{[/error]}" onto public org.springframework.http.ResponseEntity<java.util.Map<java.lang.String, java.lang.Object>> org.springframework.boot.autoconfigure.web.BasicErrorController.error(javax.servlet.http.HttpServletRequest)
Mapped URL path [/webjars/**] onto handler of type [class org.springframework.web.servlet.resource.ResourceHttpRequestHandler]
Mapped URL path [/**] onto handler of type [class org.springframework.web.servlet.resource.ResourceHttpRequestHandler]
Mapped URL path [/**/favicon.ico] onto handler of type [class org.springframework.web.servlet.resource.ResourceHttpRequestHandler]
ClassTemplateLoader for Spring macros added to FreeMarker configuration
Registering beans for JMX exposure on startup
Starting ProtocolHandler ["http-nio-8080"]
Using a shared selector for servlet write/read
Tomcat started on port(s): 8080 (http)
Started WechatSellApplication in 11.036 seconds (JVM running for 12.018)
Initializing Spring FrameworkServlet 'dispatcherServlet'
FrameworkServlet 'dispatcherServlet': initialization started
FrameworkServlet 'dispatcherServlet': initialization completed in 28 ms
HHH000397: Using ASTQueryTranslatorFactory
Starting SellerInfoRepositoryTest on huangjie-PC with PID 10558 (started by huangjie in /home/huangjie/JavaProject/WechatSellSystem)
No active profile set, falling back to default profiles: default
Refreshing org.springframework.web.context.support.GenericWebApplicationContext@3de8f619: startup date [Mon Aug 19 23:16:43 CST 2019]; root of context hierarchy
HV000001: Hibernate Validator 5.3.6.Final
Bean 'org.springframework.transaction.annotation.ProxyTransactionManagementConfiguration' of type [org.springframework.transaction.annotation.ProxyTransactionManagementConfiguration$$EnhancerBySpringCGLIB$$ea9786cf] is not eligible for getting processed by all BeanPostProcessors (for example: not eligible for auto-proxying)
Building JPA container EntityManagerFactory for persistence unit 'default'
HHH000204: Processing PersistenceUnitInfo [
	name: default
	...]
HHH000412: Hibernate Core {5.0.12.Final}
HHH000206: hibernate.properties not found
HHH000021: Bytecode provider name : javassist
HCANN000001: Hibernate Commons Annotations {5.0.1.Final}
HHH000400: Using dialect: org.hibernate.dialect.MySQL5Dialect
Initialized JPA EntityManagerFactory for persistence unit 'default'
Looking for @ControllerAdvice: org.springframework.web.context.support.GenericWebApplicationContext@3de8f619: startup date [Mon Aug 19 23:16:43 CST 2019]; root of context hierarchy
Mapped "{[/buyer/order/cancel],methods=[POST]}" onto public com.huangjie.sell.VO.ResultVO com.huangjie.sell.controller.BuyerOrderController.cancel(java.lang.String,java.lang.String)
Mapped "{[/buyer/order/detail],methods=[GET]}" onto public com.huangjie.sell.VO.ResultVO<com.huangjie.sell.dto.OrderDTO> com.huangjie.sell.controller.BuyerOrderController.detail(java.lang.String,java.lang.String)
Mapped "{[/buyer/order/create],methods=[POST]}" onto public com.huangjie.sell.VO.ResultVO<java.util.Map<java.lang.String, java.lang.String>> com.huangjie.sell.controller.BuyerOrderController.create(com.huangjie.sell.form.OrderForm,org.springframework.validation.BindingResult)
Mapped "{[/buyer/order/list],methods=[GET]}" onto public com.huangjie.sell.VO.ResultVO<java.util.List<com.huangjie.sell.dto.OrderDTO>> com.huangjie.sell.controller.BuyerOrderController.list(java.lang.String,int,int)
Mapped "{[/buyer/product/list],methods=[GET]}" onto public com.huangjie.sell.VO.ResultVO com.huangjie.sell.controller.BuyerProductController.list()
Mapped "{[/seller/order/finished],methods=[GET]}" onto public org.springframework.web.servlet.ModelAndView com.huangjie.sell.controller.SellOrderController.finished(java.lang.String,java.util.Map<java.lang.String, java.lang.Object>)
Mapped "{[/seller/order/cancel],methods=[GET]}" onto public org.springframework.web.servlet.ModelAndView com.huangjie.sell.controller.SellOrderController.cancel(java.lang.String,java.util.Map<java.lang.String, java.lang.Object>)
Mapped "{[/seller/order/detail],methods=[GET]}" onto public org.springframework.web.servlet.ModelAndView com.huangjie.sell.controller.SellOrderController.detail(java.lang.String,java.util.Map<java.lang.String, java.lang.Object>)
Mapped "{[/seller/order/list],methods=[GET]}" onto public org.springframework.web.servlet.ModelAndView com.huangjie.sell.controller.SellOrderController.list(int,int,java.util.Map<java.lang.String, java.lang.Object>)
Mapped "{[/seller/product/off_sale],methods=[GET]}" onto public org.springframework.web.servlet.ModelAndView com.huangjie.sell.controller.SellerProductContainer.offSale(java.lang.String,java.util.Map<java.lang.String, java.lang.Object>)
Mapped "{[/seller/product/list],methods=[GET]}" onto public org.springframework.web.servlet.ModelAndView com.huangjie.sell.controller.SellerProductContainer.list(int,int,java.util.Map<java.lang.String, java.lang.Object>)
Mapped "{[/error],produces=[text/html]}" onto public org.springframework.web.servlet.ModelAndView org.springframework.boot.autoconfigure.web.BasicErrorController.errorHtml(javax.servlet.http.HttpServletRequest,javax.servlet.http.HttpServletResponse)
Mapped "{[/error]}" onto public org.springframework.http.ResponseEntity<java.util.Map<java.lang.String, java.lang.Object>> org.springframework.boot.autoconfigure.web.BasicErrorController.error(javax.servlet.http.HttpServletRequest)
Mapped URL path [/webjars/**] onto handler of type [class org.springframework.web.servlet.resource.ResourceHttpRequestHandler]
Mapped URL path [/**] onto handler of type [class org.springframework.web.servlet.resource.ResourceHttpRequestHandler]
Mapped URL path [/**/favicon.ico] onto handler of type [class org.springframework.web.servlet.resource.ResourceHttpRequestHandler]
ClassTemplateLoader for Spring macros added to FreeMarker configuration
Started SellerInfoRepositoryTest in 10.915 seconds (JVM running for 12.961)
SQL Error: 1054, SQLState: 42S22
HHH000327: Error performing load command : org.hibernate.exception.SQLGrammarException: could not extract ResultSet
Closing org.springframework.web.context.support.GenericWebApplicationContext@3de8f619: startup date [Mon Aug 19 23:16:43 CST 2019]; root of context hierarchy
Closing JPA EntityManagerFactory for persistence unit 'default'
Starting SellerInfoRepositoryTest on huangjie-PC with PID 10776 (started by huangjie in /home/huangjie/JavaProject/WechatSellSystem)
No active profile set, falling back to default profiles: default
Refreshing org.springframework.web.context.support.GenericWebApplicationContext@2ab4bc72: startup date [Mon Aug 19 23:18:30 CST 2019]; root of context hierarchy
HV000001: Hibernate Validator 5.3.6.Final
Bean 'org.springframework.transaction.annotation.ProxyTransactionManagementConfiguration' of type [org.springframework.transaction.annotation.ProxyTransactionManagementConfiguration$$EnhancerBySpringCGLIB$$1ce14a71] is not eligible for getting processed by all BeanPostProcessors (for example: not eligible for auto-proxying)
Building JPA container EntityManagerFactory for persistence unit 'default'
HHH000204: Processing PersistenceUnitInfo [
	name: default
	...]
HHH000412: Hibernate Core {5.0.12.Final}
HHH000206: hibernate.properties not found
HHH000021: Bytecode provider name : javassist
HCANN000001: Hibernate Commons Annotations {5.0.1.Final}
HHH000400: Using dialect: org.hibernate.dialect.MySQL5Dialect
Initialized JPA EntityManagerFactory for persistence unit 'default'
Looking for @ControllerAdvice: org.springframework.web.context.support.GenericWebApplicationContext@2ab4bc72: startup date [Mon Aug 19 23:18:30 CST 2019]; root of context hierarchy
Mapped "{[/buyer/order/detail],methods=[GET]}" onto public com.huangjie.sell.VO.ResultVO<com.huangjie.sell.dto.OrderDTO> com.huangjie.sell.controller.BuyerOrderController.detail(java.lang.String,java.lang.String)
Mapped "{[/buyer/order/cancel],methods=[POST]}" onto public com.huangjie.sell.VO.ResultVO com.huangjie.sell.controller.BuyerOrderController.cancel(java.lang.String,java.lang.String)
Mapped "{[/buyer/order/create],methods=[POST]}" onto public com.huangjie.sell.VO.ResultVO<java.util.Map<java.lang.String, java.lang.String>> com.huangjie.sell.controller.BuyerOrderController.create(com.huangjie.sell.form.OrderForm,org.springframework.validation.BindingResult)
Mapped "{[/buyer/order/list],methods=[GET]}" onto public com.huangjie.sell.VO.ResultVO<java.util.List<com.huangjie.sell.dto.OrderDTO>> com.huangjie.sell.controller.BuyerOrderController.list(java.lang.String,int,int)
Mapped "{[/buyer/product/list],methods=[GET]}" onto public com.huangjie.sell.VO.ResultVO com.huangjie.sell.controller.BuyerProductController.list()
Mapped "{[/seller/order/detail],methods=[GET]}" onto public org.springframework.web.servlet.ModelAndView com.huangjie.sell.controller.SellOrderController.detail(java.lang.String,java.util.Map<java.lang.String, java.lang.Object>)
Mapped "{[/seller/order/finished],methods=[GET]}" onto public org.springframework.web.servlet.ModelAndView com.huangjie.sell.controller.SellOrderController.finished(java.lang.String,java.util.Map<java.lang.String, java.lang.Object>)
Mapped "{[/seller/order/cancel],methods=[GET]}" onto public org.springframework.web.servlet.ModelAndView com.huangjie.sell.controller.SellOrderController.cancel(java.lang.String,java.util.Map<java.lang.String, java.lang.Object>)
Mapped "{[/seller/order/list],methods=[GET]}" onto public org.springframework.web.servlet.ModelAndView com.huangjie.sell.controller.SellOrderController.list(int,int,java.util.Map<java.lang.String, java.lang.Object>)
Mapped "{[/seller/product/off_sale],methods=[GET]}" onto public org.springframework.web.servlet.ModelAndView com.huangjie.sell.controller.SellerProductContainer.offSale(java.lang.String,java.util.Map<java.lang.String, java.lang.Object>)
Mapped "{[/seller/product/list],methods=[GET]}" onto public org.springframework.web.servlet.ModelAndView com.huangjie.sell.controller.SellerProductContainer.list(int,int,java.util.Map<java.lang.String, java.lang.Object>)
Mapped "{[/error],produces=[text/html]}" onto public org.springframework.web.servlet.ModelAndView org.springframework.boot.autoconfigure.web.BasicErrorController.errorHtml(javax.servlet.http.HttpServletRequest,javax.servlet.http.HttpServletResponse)
Mapped "{[/error]}" onto public org.springframework.http.ResponseEntity<java.util.Map<java.lang.String, java.lang.Object>> org.springframework.boot.autoconfigure.web.BasicErrorController.error(javax.servlet.http.HttpServletRequest)
Mapped URL path [/webjars/**] onto handler of type [class org.springframework.web.servlet.resource.ResourceHttpRequestHandler]
Mapped URL path [/**] onto handler of type [class org.springframework.web.servlet.resource.ResourceHttpRequestHandler]
Mapped URL path [/**/favicon.ico] onto handler of type [class org.springframework.web.servlet.resource.ResourceHttpRequestHandler]
ClassTemplateLoader for Spring macros added to FreeMarker configuration
Started SellerInfoRepositoryTest in 7.723 seconds (JVM running for 9.211)
SQL Error: 1054, SQLState: 42S22
HHH000327: Error performing load command : org.hibernate.exception.SQLGrammarException: could not extract ResultSet
Closing org.springframework.web.context.support.GenericWebApplicationContext@2ab4bc72: startup date [Mon Aug 19 23:18:30 CST 2019]; root of context hierarchy
Closing JPA EntityManagerFactory for persistence unit 'default'
Starting SellerInfoRepositoryTest on huangjie-PC with PID 10931 (started by huangjie in /home/huangjie/JavaProject/WechatSellSystem)
No active profile set, falling back to default profiles: default
Refreshing org.springframework.web.context.support.GenericWebApplicationContext@3de8f619: startup date [Mon Aug 19 23:20:28 CST 2019]; root of context hierarchy
HV000001: Hibernate Validator 5.3.6.Final
Bean 'org.springframework.transaction.annotation.ProxyTransactionManagementConfiguration' of type [org.springframework.transaction.annotation.ProxyTransactionManagementConfiguration$$EnhancerBySpringCGLIB$$a268308d] is not eligible for getting processed by all BeanPostProcessors (for example: not eligible for auto-proxying)
Building JPA container EntityManagerFactory for persistence unit 'default'
HHH000204: Processing PersistenceUnitInfo [
	name: default
	...]
HHH000412: Hibernate Core {5.0.12.Final}
HHH000206: hibernate.properties not found
HHH000021: Bytecode provider name : javassist
HCANN000001: Hibernate Commons Annotations {5.0.1.Final}
HHH000400: Using dialect: org.hibernate.dialect.MySQL5Dialect
Initialized JPA EntityManagerFactory for persistence unit 'default'
Looking for @ControllerAdvice: org.springframework.web.context.support.GenericWebApplicationContext@3de8f619: startup date [Mon Aug 19 23:20:28 CST 2019]; root of context hierarchy
Mapped "{[/buyer/order/cancel],methods=[POST]}" onto public com.huangjie.sell.VO.ResultVO com.huangjie.sell.controller.BuyerOrderController.cancel(java.lang.String,java.lang.String)
Mapped "{[/buyer/order/detail],methods=[GET]}" onto public com.huangjie.sell.VO.ResultVO<com.huangjie.sell.dto.OrderDTO> com.huangjie.sell.controller.BuyerOrderController.detail(java.lang.String,java.lang.String)
Mapped "{[/buyer/order/create],methods=[POST]}" onto public com.huangjie.sell.VO.ResultVO<java.util.Map<java.lang.String, java.lang.String>> com.huangjie.sell.controller.BuyerOrderController.create(com.huangjie.sell.form.OrderForm,org.springframework.validation.BindingResult)
Mapped "{[/buyer/order/list],methods=[GET]}" onto public com.huangjie.sell.VO.ResultVO<java.util.List<com.huangjie.sell.dto.OrderDTO>> com.huangjie.sell.controller.BuyerOrderController.list(java.lang.String,int,int)
Mapped "{[/buyer/product/list],methods=[GET]}" onto public com.huangjie.sell.VO.ResultVO com.huangjie.sell.controller.BuyerProductController.list()
Mapped "{[/seller/order/finished],methods=[GET]}" onto public org.springframework.web.servlet.ModelAndView com.huangjie.sell.controller.SellOrderController.finished(java.lang.String,java.util.Map<java.lang.String, java.lang.Object>)
Mapped "{[/seller/order/cancel],methods=[GET]}" onto public org.springframework.web.servlet.ModelAndView com.huangjie.sell.controller.SellOrderController.cancel(java.lang.String,java.util.Map<java.lang.String, java.lang.Object>)
Mapped "{[/seller/order/detail],methods=[GET]}" onto public org.springframework.web.servlet.ModelAndView com.huangjie.sell.controller.SellOrderController.detail(java.lang.String,java.util.Map<java.lang.String, java.lang.Object>)
Mapped "{[/seller/order/list],methods=[GET]}" onto public org.springframework.web.servlet.ModelAndView com.huangjie.sell.controller.SellOrderController.list(int,int,java.util.Map<java.lang.String, java.lang.Object>)
Mapped "{[/seller/product/off_sale],methods=[GET]}" onto public org.springframework.web.servlet.ModelAndView com.huangjie.sell.controller.SellerProductContainer.offSale(java.lang.String,java.util.Map<java.lang.String, java.lang.Object>)
Mapped "{[/seller/product/list],methods=[GET]}" onto public org.springframework.web.servlet.ModelAndView com.huangjie.sell.controller.SellerProductContainer.list(int,int,java.util.Map<java.lang.String, java.lang.Object>)
Mapped "{[/error],produces=[text/html]}" onto public org.springframework.web.servlet.ModelAndView org.springframework.boot.autoconfigure.web.BasicErrorController.errorHtml(javax.servlet.http.HttpServletRequest,javax.servlet.http.HttpServletResponse)
Mapped "{[/error]}" onto public org.springframework.http.ResponseEntity<java.util.Map<java.lang.String, java.lang.Object>> org.springframework.boot.autoconfigure.web.BasicErrorController.error(javax.servlet.http.HttpServletRequest)
Mapped URL path [/webjars/**] onto handler of type [class org.springframework.web.servlet.resource.ResourceHttpRequestHandler]
Mapped URL path [/**] onto handler of type [class org.springframework.web.servlet.resource.ResourceHttpRequestHandler]
Mapped URL path [/**/favicon.ico] onto handler of type [class org.springframework.web.servlet.resource.ResourceHttpRequestHandler]
ClassTemplateLoader for Spring macros added to FreeMarker configuration
Started SellerInfoRepositoryTest in 9.103 seconds (JVM running for 10.605)
SQL Error: 1054, SQLState: 42S22
HHH000327: Error performing load command : org.hibernate.exception.SQLGrammarException: could not extract ResultSet
Closing org.springframework.web.context.support.GenericWebApplicationContext@3de8f619: startup date [Mon Aug 19 23:20:28 CST 2019]; root of context hierarchy
Closing JPA EntityManagerFactory for persistence unit 'default'
Starting SellerInfoRepositoryTest on huangjie-PC with PID 11103 (started by huangjie in /home/huangjie/JavaProject/WechatSellSystem)
No active profile set, falling back to default profiles: default
Refreshing org.springframework.web.context.support.GenericWebApplicationContext@3de8f619: startup date [Mon Aug 19 23:22:21 CST 2019]; root of context hierarchy
HV000001: Hibernate Validator 5.3.6.Final
Bean 'org.springframework.transaction.annotation.ProxyTransactionManagementConfiguration' of type [org.springframework.transaction.annotation.ProxyTransactionManagementConfiguration$$EnhancerBySpringCGLIB$$b7d31eab] is not eligible for getting processed by all BeanPostProcessors (for example: not eligible for auto-proxying)
Building JPA container EntityManagerFactory for persistence unit 'default'
HHH000204: Processing PersistenceUnitInfo [
	name: default
	...]
HHH000412: Hibernate Core {5.0.12.Final}
HHH000206: hibernate.properties not found
HHH000021: Bytecode provider name : javassist
HCANN000001: Hibernate Commons Annotations {5.0.1.Final}
HHH000400: Using dialect: org.hibernate.dialect.MySQL5Dialect
Initialized JPA EntityManagerFactory for persistence unit 'default'
Looking for @ControllerAdvice: org.springframework.web.context.support.GenericWebApplicationContext@3de8f619: startup date [Mon Aug 19 23:22:21 CST 2019]; root of context hierarchy
Mapped "{[/buyer/order/cancel],methods=[POST]}" onto public com.huangjie.sell.VO.ResultVO com.huangjie.sell.controller.BuyerOrderController.cancel(java.lang.String,java.lang.String)
Mapped "{[/buyer/order/detail],methods=[GET]}" onto public com.huangjie.sell.VO.ResultVO<com.huangjie.sell.dto.OrderDTO> com.huangjie.sell.controller.BuyerOrderController.detail(java.lang.String,java.lang.String)
Mapped "{[/buyer/order/create],methods=[POST]}" onto public com.huangjie.sell.VO.ResultVO<java.util.Map<java.lang.String, java.lang.String>> com.huangjie.sell.controller.BuyerOrderController.create(com.huangjie.sell.form.OrderForm,org.springframework.validation.BindingResult)
Mapped "{[/buyer/order/list],methods=[GET]}" onto public com.huangjie.sell.VO.ResultVO<java.util.List<com.huangjie.sell.dto.OrderDTO>> com.huangjie.sell.controller.BuyerOrderController.list(java.lang.String,int,int)
Mapped "{[/buyer/product/list],methods=[GET]}" onto public com.huangjie.sell.VO.ResultVO com.huangjie.sell.controller.BuyerProductController.list()
Mapped "{[/seller/order/finished],methods=[GET]}" onto public org.springframework.web.servlet.ModelAndView com.huangjie.sell.controller.SellOrderController.finished(java.lang.String,java.util.Map<java.lang.String, java.lang.Object>)
Mapped "{[/seller/order/cancel],methods=[GET]}" onto public org.springframework.web.servlet.ModelAndView com.huangjie.sell.controller.SellOrderController.cancel(java.lang.String,java.util.Map<java.lang.String, java.lang.Object>)
Mapped "{[/seller/order/detail],methods=[GET]}" onto public org.springframework.web.servlet.ModelAndView com.huangjie.sell.controller.SellOrderController.detail(java.lang.String,java.util.Map<java.lang.String, java.lang.Object>)
Mapped "{[/seller/order/list],methods=[GET]}" onto public org.springframework.web.servlet.ModelAndView com.huangjie.sell.controller.SellOrderController.list(int,int,java.util.Map<java.lang.String, java.lang.Object>)
Mapped "{[/seller/product/off_sale],methods=[GET]}" onto public org.springframework.web.servlet.ModelAndView com.huangjie.sell.controller.SellerProductContainer.offSale(java.lang.String,java.util.Map<java.lang.String, java.lang.Object>)
Mapped "{[/seller/product/list],methods=[GET]}" onto public org.springframework.web.servlet.ModelAndView com.huangjie.sell.controller.SellerProductContainer.list(int,int,java.util.Map<java.lang.String, java.lang.Object>)
Mapped "{[/error],produces=[text/html]}" onto public org.springframework.web.servlet.ModelAndView org.springframework.boot.autoconfigure.web.BasicErrorController.errorHtml(javax.servlet.http.HttpServletRequest,javax.servlet.http.HttpServletResponse)
Mapped "{[/error]}" onto public org.springframework.http.ResponseEntity<java.util.Map<java.lang.String, java.lang.Object>> org.springframework.boot.autoconfigure.web.BasicErrorController.error(javax.servlet.http.HttpServletRequest)
Mapped URL path [/webjars/**] onto handler of type [class org.springframework.web.servlet.resource.ResourceHttpRequestHandler]
Mapped URL path [/**] onto handler of type [class org.springframework.web.servlet.resource.ResourceHttpRequestHandler]
Mapped URL path [/**/favicon.ico] onto handler of type [class org.springframework.web.servlet.resource.ResourceHttpRequestHandler]
ClassTemplateLoader for Spring macros added to FreeMarker configuration
Started SellerInfoRepositoryTest in 7.906 seconds (JVM running for 9.454)
SQL Error: 1054, SQLState: 42S22
HHH000327: Error performing load command : org.hibernate.exception.SQLGrammarException: could not extract ResultSet
Closing org.springframework.web.context.support.GenericWebApplicationContext@3de8f619: startup date [Mon Aug 19 23:22:21 CST 2019]; root of context hierarchy
Closing JPA EntityManagerFactory for persistence unit 'default'
Starting SellerInfoRepositoryTest on huangjie-PC with PID 11280 (started by huangjie in /home/huangjie/JavaProject/WechatSellSystem)
No active profile set, falling back to default profiles: default
Refreshing org.springframework.web.context.support.GenericWebApplicationContext@3de8f619: startup date [Mon Aug 19 23:24:36 CST 2019]; root of context hierarchy
HV000001: Hibernate Validator 5.3.6.Final
Bean 'org.springframework.transaction.annotation.ProxyTransactionManagementConfiguration' of type [org.springframework.transaction.annotation.ProxyTransactionManagementConfiguration$$EnhancerBySpringCGLIB$$7bee554d] is not eligible for getting processed by all BeanPostProcessors (for example: not eligible for auto-proxying)
Building JPA container EntityManagerFactory for persistence unit 'default'
HHH000204: Processing PersistenceUnitInfo [
	name: default
	...]
HHH000412: Hibernate Core {5.0.12.Final}
HHH000206: hibernate.properties not found
HHH000021: Bytecode provider name : javassist
HCANN000001: Hibernate Commons Annotations {5.0.1.Final}
HHH000400: Using dialect: org.hibernate.dialect.MySQL5Dialect
Initialized JPA EntityManagerFactory for persistence unit 'default'
Looking for @ControllerAdvice: org.springframework.web.context.support.GenericWebApplicationContext@3de8f619: startup date [Mon Aug 19 23:24:36 CST 2019]; root of context hierarchy
Mapped "{[/buyer/order/detail],methods=[GET]}" onto public com.huangjie.sell.VO.ResultVO<com.huangjie.sell.dto.OrderDTO> com.huangjie.sell.controller.BuyerOrderController.detail(java.lang.String,java.lang.String)
Mapped "{[/buyer/order/cancel],methods=[POST]}" onto public com.huangjie.sell.VO.ResultVO com.huangjie.sell.controller.BuyerOrderController.cancel(java.lang.String,java.lang.String)
Mapped "{[/buyer/order/create],methods=[POST]}" onto public com.huangjie.sell.VO.ResultVO<java.util.Map<java.lang.String, java.lang.String>> com.huangjie.sell.controller.BuyerOrderController.create(com.huangjie.sell.form.OrderForm,org.springframework.validation.BindingResult)
Mapped "{[/buyer/order/list],methods=[GET]}" onto public com.huangjie.sell.VO.ResultVO<java.util.List<com.huangjie.sell.dto.OrderDTO>> com.huangjie.sell.controller.BuyerOrderController.list(java.lang.String,int,int)
Mapped "{[/buyer/product/list],methods=[GET]}" onto public com.huangjie.sell.VO.ResultVO com.huangjie.sell.controller.BuyerProductController.list()
Mapped "{[/seller/order/detail],methods=[GET]}" onto public org.springframework.web.servlet.ModelAndView com.huangjie.sell.controller.SellOrderController.detail(java.lang.String,java.util.Map<java.lang.String, java.lang.Object>)
Mapped "{[/seller/order/finished],methods=[GET]}" onto public org.springframework.web.servlet.ModelAndView com.huangjie.sell.controller.SellOrderController.finished(java.lang.String,java.util.Map<java.lang.String, java.lang.Object>)
Mapped "{[/seller/order/cancel],methods=[GET]}" onto public org.springframework.web.servlet.ModelAndView com.huangjie.sell.controller.SellOrderController.cancel(java.lang.String,java.util.Map<java.lang.String, java.lang.Object>)
Mapped "{[/seller/order/list],methods=[GET]}" onto public org.springframework.web.servlet.ModelAndView com.huangjie.sell.controller.SellOrderController.list(int,int,java.util.Map<java.lang.String, java.lang.Object>)
Mapped "{[/seller/product/off_sale],methods=[GET]}" onto public org.springframework.web.servlet.ModelAndView com.huangjie.sell.controller.SellerProductContainer.offSale(java.lang.String,java.util.Map<java.lang.String, java.lang.Object>)
Mapped "{[/seller/product/list],methods=[GET]}" onto public org.springframework.web.servlet.ModelAndView com.huangjie.sell.controller.SellerProductContainer.list(int,int,java.util.Map<java.lang.String, java.lang.Object>)
Mapped "{[/error],produces=[text/html]}" onto public org.springframework.web.servlet.ModelAndView org.springframework.boot.autoconfigure.web.BasicErrorController.errorHtml(javax.servlet.http.HttpServletRequest,javax.servlet.http.HttpServletResponse)
Mapped "{[/error]}" onto public org.springframework.http.ResponseEntity<java.util.Map<java.lang.String, java.lang.Object>> org.springframework.boot.autoconfigure.web.BasicErrorController.error(javax.servlet.http.HttpServletRequest)
Mapped URL path [/webjars/**] onto handler of type [class org.springframework.web.servlet.resource.ResourceHttpRequestHandler]
Mapped URL path [/**] onto handler of type [class org.springframework.web.servlet.resource.ResourceHttpRequestHandler]
Mapped URL path [/**/favicon.ico] onto handler of type [class org.springframework.web.servlet.resource.ResourceHttpRequestHandler]
ClassTemplateLoader for Spring macros added to FreeMarker configuration
Started SellerInfoRepositoryTest in 6.947 seconds (JVM running for 8.225)
Closing org.springframework.web.context.support.GenericWebApplicationContext@3de8f619: startup date [Mon Aug 19 23:24:36 CST 2019]; root of context hierarchy
Closing JPA EntityManagerFactory for persistence unit 'default'
Starting SellerInfoRepositoryTest on huangjie-PC with PID 11349 (started by huangjie in /home/huangjie/JavaProject/WechatSellSystem)
No active profile set, falling back to default profiles: default
Refreshing org.springframework.web.context.support.GenericWebApplicationContext@3de8f619: startup date [Mon Aug 19 23:25:30 CST 2019]; root of context hierarchy
HV000001: Hibernate Validator 5.3.6.Final
Bean 'org.springframework.transaction.annotation.ProxyTransactionManagementConfiguration' of type [org.springframework.transaction.annotation.ProxyTransactionManagementConfiguration$$EnhancerBySpringCGLIB$$a268308d] is not eligible for getting processed by all BeanPostProcessors (for example: not eligible for auto-proxying)
Building JPA container EntityManagerFactory for persistence unit 'default'
HHH000204: Processing PersistenceUnitInfo [
	name: default
	...]
HHH000412: Hibernate Core {5.0.12.Final}
HHH000206: hibernate.properties not found
HHH000021: Bytecode provider name : javassist
HCANN000001: Hibernate Commons Annotations {5.0.1.Final}
HHH000400: Using dialect: org.hibernate.dialect.MySQL5Dialect
Initialized JPA EntityManagerFactory for persistence unit 'default'
Looking for @ControllerAdvice: org.springframework.web.context.support.GenericWebApplicationContext@3de8f619: startup date [Mon Aug 19 23:25:30 CST 2019]; root of context hierarchy
Mapped "{[/buyer/order/cancel],methods=[POST]}" onto public com.huangjie.sell.VO.ResultVO com.huangjie.sell.controller.BuyerOrderController.cancel(java.lang.String,java.lang.String)
Mapped "{[/buyer/order/detail],methods=[GET]}" onto public com.huangjie.sell.VO.ResultVO<com.huangjie.sell.dto.OrderDTO> com.huangjie.sell.controller.BuyerOrderController.detail(java.lang.String,java.lang.String)
Mapped "{[/buyer/order/create],methods=[POST]}" onto public com.huangjie.sell.VO.ResultVO<java.util.Map<java.lang.String, java.lang.String>> com.huangjie.sell.controller.BuyerOrderController.create(com.huangjie.sell.form.OrderForm,org.springframework.validation.BindingResult)
Mapped "{[/buyer/order/list],methods=[GET]}" onto public com.huangjie.sell.VO.ResultVO<java.util.List<com.huangjie.sell.dto.OrderDTO>> com.huangjie.sell.controller.BuyerOrderController.list(java.lang.String,int,int)
Mapped "{[/buyer/product/list],methods=[GET]}" onto public com.huangjie.sell.VO.ResultVO com.huangjie.sell.controller.BuyerProductController.list()
Mapped "{[/seller/order/finished],methods=[GET]}" onto public org.springframework.web.servlet.ModelAndView com.huangjie.sell.controller.SellOrderController.finished(java.lang.String,java.util.Map<java.lang.String, java.lang.Object>)
Mapped "{[/seller/order/cancel],methods=[GET]}" onto public org.springframework.web.servlet.ModelAndView com.huangjie.sell.controller.SellOrderController.cancel(java.lang.String,java.util.Map<java.lang.String, java.lang.Object>)
Mapped "{[/seller/order/detail],methods=[GET]}" onto public org.springframework.web.servlet.ModelAndView com.huangjie.sell.controller.SellOrderController.detail(java.lang.String,java.util.Map<java.lang.String, java.lang.Object>)
Mapped "{[/seller/order/list],methods=[GET]}" onto public org.springframework.web.servlet.ModelAndView com.huangjie.sell.controller.SellOrderController.list(int,int,java.util.Map<java.lang.String, java.lang.Object>)
Mapped "{[/seller/product/off_sale],methods=[GET]}" onto public org.springframework.web.servlet.ModelAndView com.huangjie.sell.controller.SellerProductContainer.offSale(java.lang.String,java.util.Map<java.lang.String, java.lang.Object>)
Mapped "{[/seller/product/list],methods=[GET]}" onto public org.springframework.web.servlet.ModelAndView com.huangjie.sell.controller.SellerProductContainer.list(int,int,java.util.Map<java.lang.String, java.lang.Object>)
Mapped "{[/error],produces=[text/html]}" onto public org.springframework.web.servlet.ModelAndView org.springframework.boot.autoconfigure.web.BasicErrorController.errorHtml(javax.servlet.http.HttpServletRequest,javax.servlet.http.HttpServletResponse)
Mapped "{[/error]}" onto public org.springframework.http.ResponseEntity<java.util.Map<java.lang.String, java.lang.Object>> org.springframework.boot.autoconfigure.web.BasicErrorController.error(javax.servlet.http.HttpServletRequest)
Mapped URL path [/webjars/**] onto handler of type [class org.springframework.web.servlet.resource.ResourceHttpRequestHandler]
Mapped URL path [/**] onto handler of type [class org.springframework.web.servlet.resource.ResourceHttpRequestHandler]
Mapped URL path [/**/favicon.ico] onto handler of type [class org.springframework.web.servlet.resource.ResourceHttpRequestHandler]
ClassTemplateLoader for Spring macros added to FreeMarker configuration
Started SellerInfoRepositoryTest in 7.246 seconds (JVM running for 8.555)
HHH000397: Using ASTQueryTranslatorFactory
Closing org.springframework.web.context.support.GenericWebApplicationContext@3de8f619: startup date [Mon Aug 19 23:25:30 CST 2019]; root of context hierarchy
Closing JPA EntityManagerFactory for persistence unit 'default'
